[debug] [2019-07-05T13:02:56.711Z] ----------------------------------------------------------------------
[debug] [2019-07-05T13:02:56.713Z] Command:       /usr/local/bin/node /usr/local/bin/firebase deploy
[debug] [2019-07-05T13:02:56.713Z] CLI Version:   7.0.2
[debug] [2019-07-05T13:02:56.713Z] Platform:      darwin
[debug] [2019-07-05T13:02:56.713Z] Node Version:  v10.15.1
[debug] [2019-07-05T13:02:56.714Z] Time:          Fri Jul 05 2019 15:02:56 GMT+0200 (Central European Summer Time)
[debug] [2019-07-05T13:02:56.714Z] ----------------------------------------------------------------------
[debug] 
[debug] [2019-07-05T13:02:56.723Z] > command requires scopes: ["email","openid","https://www.googleapis.com/auth/cloudplatformprojects.readonly","https://www.googleapis.com/auth/firebase","https://www.googleapis.com/auth/cloud-platform"]
[debug] [2019-07-05T13:02:56.723Z] > authorizing via signed-in user
[debug] [2019-07-05T13:02:56.723Z] [iam] checking project ginfo-13974 for permissions ["datastore.indexes.create","datastore.indexes.delete","datastore.indexes.list","datastore.indexes.update","firebase.projects.get","firebasedatabase.instances.update","firebasehosting.sites.update","firebaserules.releases.create","firebaserules.releases.update","firebaserules.rulesets.create"]
[debug] [2019-07-05T13:02:56.725Z] >>> HTTP REQUEST POST https://cloudresourcemanager.googleapis.com/v1/projects/ginfo-13974:testIamPermissions  

[debug] [2019-07-05T13:02:57.530Z] <<< HTTP RESPONSE 200
[debug] [2019-07-05T13:02:57.533Z] >>> HTTP REQUEST GET https://firebase.googleapis.com/v1beta1/projects/ginfo-13974  
 
[debug] [2019-07-05T13:02:57.742Z] <<< HTTP RESPONSE 200
[info] 
[info] === Deploying to 'ginfo-13974'...
[info] 
[info] i  deploying database, storage, firestore, hosting
[info] i  database: checking rules syntax...
[debug] [2019-07-05T13:02:57.748Z] >>> HTTP REQUEST PUT https://ginfo-13974.firebaseio.com/.settings/rules.json?dryRun=true  
 {
  "rules": {
    ".read": true,
    ".write": true
  }
}

[debug] [2019-07-05T13:02:58.440Z] <<< HTTP RESPONSE 404
[debug] [2019-07-05T13:02:58.440Z] <<< HTTP RESPONSE BODY {
  "error" : "Firebase error. Please ensure that you spelled the name of your Firebase correctly"
}

[error] 
[error] Error: Unexpected error while deploying database rules.
